Determining if the pthread_create exist failed with the following output:
Change Dir: /home/lima/catkin_ws/build/CMakeFiles/CMakeTmp

Run Build Command:"/usr/bin/make" "cmTC_67e98/fast"
/usr/bin/make -f CMakeFiles/cmTC_67e98.dir/build.make CMakeFiles/cmTC_67e98.dir/build
make[1]: Entering directory '/home/lima/catkin_ws/build/CMakeFiles/CMakeTmp'
Building C object CMakeFiles/cmTC_67e98.dir/CheckSymbolExists.c.o
/usr/bin/cc     -o CMakeFiles/cmTC_67e98.dir/CheckSymbolExists.c.o   -c /home/lima/catkin_ws/build/CMakeFiles/CMakeTmp/CheckSymbolExists.c
Linking C executable cmTC_67e98
/usr/bin/cmake -E cmake_link_script CMakeFiles/cmTC_67e98.dir/link.txt --verbose=1
/usr/bin/cc       CMakeFiles/cmTC_67e98.dir/CheckSymbolExists.c.o  -o cmTC_67e98 -rdynamic 
CMakeFiles/cmTC_67e98.dir/CheckSymbolExists.c.o: In function `main':
CheckSymbolExists.c:(.text+0x16): undefined reference to `pthread_create'
collect2: error: ld returned 1 exit status
CMakeFiles/cmTC_67e98.dir/build.make:97: recipe for target 'cmTC_67e98' failed
make[1]: *** [cmTC_67e98] Error 1
make[1]: Leaving directory '/home/lima/catkin_ws/build/CMakeFiles/CMakeTmp'
Makefile:126: recipe for target 'cmTC_67e98/fast' failed
make: *** [cmTC_67e98/fast] Error 2

File /home/lima/catkin_ws/build/CMakeFiles/CMakeTmp/CheckSymbolExists.c:
/* */
#include <pthread.h>

int main(int argc, char** argv)
{
  (void)argv;
#ifndef pthread_create
  return ((int*)(&pthread_create))[argc];
#else
  (void)argc;
  return 0;
#endif
}

Determining if the function pthread_create exists in the pthreads failed with the following output:
Change Dir: /home/lima/catkin_ws/build/CMakeFiles/CMakeTmp

Run Build Command:"/usr/bin/make" "cmTC_b140d/fast"
/usr/bin/make -f CMakeFiles/cmTC_b140d.dir/build.make CMakeFiles/cmTC_b140d.dir/build
make[1]: Entering directory '/home/lima/catkin_ws/build/CMakeFiles/CMakeTmp'
Building C object CMakeFiles/cmTC_b140d.dir/CheckFunctionExists.c.o
/usr/bin/cc    -DCHECK_FUNCTION_EXISTS=pthread_create   -o CMakeFiles/cmTC_b140d.dir/CheckFunctionExists.c.o   -c /usr/share/cmake-3.5/Modules/CheckFunctionExists.c
Linking C executable cmTC_b140d
/usr/bin/cmake -E cmake_link_script CMakeFiles/cmTC_b140d.dir/link.txt --verbose=1
/usr/bin/cc   -DCHECK_FUNCTION_EXISTS=pthread_create    CMakeFiles/cmTC_b140d.dir/CheckFunctionExists.c.o  -o cmTC_b140d -rdynamic -lpthreads 
/usr/bin/ld: cannot find -lpthreads
collect2: error: ld returned 1 exit status
CMakeFiles/cmTC_b140d.dir/build.make:97: recipe for target 'cmTC_b140d' failed
make[1]: *** [cmTC_b140d] Error 1
make[1]: Leaving directory '/home/lima/catkin_ws/build/CMakeFiles/CMakeTmp'
Makefile:126: recipe for target 'cmTC_b140d/fast' failed
make: *** [cmTC_b140d/fast] Error 2


